🎮 遊戲平台系統啟動器
========================================

📋 請選擇操作:
1. 啟動服務器
2. 啟動開發者客戶端
3. 啟動玩家大廳客戶端
4. 範例遊戲說明
5. 創建遊戲模板
6. 系統信息
0. 退出
----------------------------------------
請輸入選項編號: 🎨 啟動開發者客戶端...
🚀 開發者客戶端啟動中...
❌ 連接失敗: [Errno 111] Connection refused
❌ 無法連接到服務器，程序退出

按Enter鍵繼續...
📋 請選擇操作:
1. 啟動服務器
2. 啟動開發者客戶端
3. 啟動玩家大廳客戶端
4. 範例遊戲說明
5. 創建遊戲模板
6. 系統信息
0. 退出
----------------------------------------
請輸入選項編號: 🏛️ 啟動玩家大廳客戶端...
🚀 玩家大廳客戶端啟動中...
❌ 連接失敗: [Errno 111] Connection refused
❌ 無法連接到服務器，程序退出

按Enter鍵繼續...
📋 請選擇操作:
1. 啟動服務器
2. 啟動開發者客戶端
3. 啟動玩家大廳客戶端
4. 範例遊戲說明
5. 創建遊戲模板
6. 系統信息
0. 退出
----------------------------------------
請輸入選項編號: 